<?xml version="1.0" encoding="UTF-8"?>
<!-- Generated by org.testng.reporters.JUnitXMLReporter -->
<testsuite ignored="0" hostname="Pavi-Maddy" failures="0" tests="3" name="Main Test" time="37.568" errors="0" timestamp="2023-10-05T17:04:47 IST">
  <testcase classname="xemo.Tests.Testcaseactual" name="finaltest" time="5.331"/>
  <testcase classname="xemo.Tests.Testcaseactual" name="finaltest" time="4.779"/>
  <testcase classname="xemo.Tests.Testcaseactual" name="orderhistory" time="0.976"/>
</testsuite> <!-- Main Test -->
