<?xml version="1.0" encoding="UTF-8"?>
<!-- Generated by org.testng.reporters.JUnitXMLReporter -->
<testsuite ignored="0" hostname="Pavi-Maddy" failures="0" tests="3" name="Surefire test" time="18.589" errors="0" timestamp="2023-10-05T15:18:08 IST">
  <testcase classname="xemo.Tests.Testcaseactual" name="finaltest" time="4.359"/>
  <testcase classname="xemo.Tests.Testcaseactual" name="finaltest" time="4.406"/>
  <testcase classname="xemo.Tests.Testcaseactual" name="orderhistory" time="0.539"/>
</testsuite> <!-- Surefire test -->
