<?xml version="1.0" encoding="UTF-8"?>
<!-- Generated by org.testng.reporters.JUnitXMLReporter -->
<testsuite ignored="0" hostname="Pavi-Maddy" failures="1" tests="3" name="Error Validation" time="29.789" errors="0" timestamp="2023-10-05T15:16:10 IST">
  <testcase classname="xemo.Tests.errorvalidations" name="errorcatch" time="17.555">
    <skipped/>
  </testcase> <!-- errorcatch -->
  <testcase classname="xemo.Tests.errorvalidations" name="errorcatch" time="1.491">
    <failure type="java.lang.AssertionError" message="expected [Incorrect email or password.] but found [Incorrect or password.]">
      <![CDATA[java.lang.AssertionError: expected [Incorrect email or password.] but found [Incorrect or password.]
at xemo.Tests.errorvalidations.errorcatch(errorvalidations.java:24)
at java.base/java.util.ArrayList.forEach(ArrayList.java:1511)
at java.base/java.util.concurrent.FutureTask.run(FutureTask.java:317)
at java.base/java.util.concurrent.ThreadPoolExecutor.runWorker(ThreadPoolExecutor.java:1144)
at java.base/java.util.concurrent.ThreadPoolExecutor$Worker.run(ThreadPoolExecutor.java:642)
at java.base/java.lang.Thread.run(Thread.java:1589)
... Removed 21 stack frames]]>
    </failure>
  </testcase> <!-- errorcatch -->
  <testcase classname="xemo.Tests.errorvalidations" name="errorcatching" time="3.398"/>
</testsuite> <!-- Error Validation -->
