<?xml version="1.0" encoding="UTF-8"?>
<!-- Generated by org.testng.reporters.JUnitXMLReporter -->
<testsuite ignored="0" hostname="Pavi-Maddy" failures="1" tests="3" name="Main  Testing" time="8.922" errors="0" timestamp="2023-10-02T12:26:59 IST">
  <testcase classname="xemo.Tests.Testcaseactual" name="finaltest" time="4.054"/>
  <testcase classname="xemo.Tests.Testcaseactual" name="finaltest" time="0.013">
    <failure type="java.lang.IllegalArgumentException" message="Keys to send should be a not null CharSequence">
      <![CDATA[java.lang.IllegalArgumentException: Keys to send should be a not null CharSequence
at org.openqa.selenium.remote.RemoteWebElement.sendKeys(RemoteWebElement.java:97)
at org.openqa.selenium.support.pagefactory.internal.LocatingElementHandler.invoke(LocatingElementHandler.java:51)
at jdk.proxy2/jdk.proxy2.$Proxy17.sendKeys(Unknown Source)
at xemo.pageobjects.landingpage.loginapp(landingpage.java:39)
at xemo.Tests.Testcaseactual.finaltest(Testcaseactual.java:40)
at java.base/java.util.ArrayList.forEach(ArrayList.java:1511)
... Removed 27 stack frames]]>
    </failure>
  </testcase> <!-- finaltest -->
  <testcase classname="xemo.Tests.Testcaseactual" name="orderhistory" time="0.0">
    <skipped/>
  </testcase> <!-- orderhistory -->
</testsuite> <!-- Main  Testing -->
