<?xml version="1.0" encoding="UTF-8"?>
<!-- Generated by org.testng.reporters.JUnitXMLReporter -->
<testsuite ignored="0" hostname="Pavi-Maddy" failures="0" tests="3" name="Main Test" time="23.48" errors="0" timestamp="2023-10-05T15:16:04 IST">
  <testcase classname="xemo.Tests.Testcaseactual" name="finaltest" time="5.128"/>
  <testcase classname="xemo.Tests.Testcaseactual" name="finaltest" time="4.131"/>
  <testcase classname="xemo.Tests.Testcaseactual" name="orderhistory" time="0.621"/>
</testsuite> <!-- Main Test -->
