<?xml version="1.0" encoding="UTF-8"?>
<!-- Generated by org.testng.reporters.JUnitXMLReporter -->
<testsuite ignored="1" hostname="Pavi-Maddy" failures="2" tests="2" name="Actual Test" time="0.064" errors="0" timestamp="2023-10-02T12:00:54 IST">
  <testcase classname="xemo.Tests.Testcaseactual" name="finaltest" time="0.009">
    <failure type="java.lang.NullPointerException" message="Cannot invoke &amp;quot;xemo.pageobjects.landingpage.loginapp(String, String)&amp;quot; because &amp;quot;this.lndpage&amp;quot; is null">
      <![CDATA[java.lang.NullPointerException: Cannot invoke "xemo.pageobjects.landingpage.loginapp(String, String)" because "this.lndpage" is null
at xemo.Tests.Testcaseactual.finaltest(Testcaseactual.java:39)
at java.base/java.util.ArrayList.forEach(ArrayList.java:1511)
at java.base/java.util.concurrent.FutureTask.run(FutureTask.java:317)
at java.base/java.util.concurrent.ThreadPoolExecutor.runWorker(ThreadPoolExecutor.java:1144)
at java.base/java.util.concurrent.ThreadPoolExecutor$Worker.run(ThreadPoolExecutor.java:642)
at java.base/java.lang.Thread.run(Thread.java:1589)
... Removed 15 stack frames]]>
    </failure>
  </testcase> <!-- finaltest -->
  <testcase classname="xemo.Tests.Testcaseactual" name="finaltest" time="0.001">
    <failure type="java.lang.NullPointerException" message="Cannot invoke &amp;quot;xemo.pageobjects.landingpage.loginapp(String, String)&amp;quot; because &amp;quot;this.lndpage&amp;quot; is null">
      <![CDATA[java.lang.NullPointerException: Cannot invoke "xemo.pageobjects.landingpage.loginapp(String, String)" because "this.lndpage" is null
at xemo.Tests.Testcaseactual.finaltest(Testcaseactual.java:39)
at java.base/java.util.ArrayList.forEach(ArrayList.java:1511)
at java.base/java.util.concurrent.FutureTask.run(FutureTask.java:317)
at java.base/java.util.concurrent.ThreadPoolExecutor.runWorker(ThreadPoolExecutor.java:1144)
at java.base/java.util.concurrent.ThreadPoolExecutor$Worker.run(ThreadPoolExecutor.java:642)
at java.base/java.lang.Thread.run(Thread.java:1589)
... Removed 15 stack frames]]>
    </failure>
  </testcase> <!-- finaltest -->
  <testcase classname="xemo.Tests.Testcaseactual" name="orderhistory" time="0.0">
    <ignored/>
  </testcase> <!-- orderhistory -->
</testsuite> <!-- Actual Test -->
