<?xml version="1.0" encoding="UTF-8"?>
<!-- Generated by org.testng.reporters.JUnitXMLReporter -->
<testsuite ignored="2" hostname="Pavi-Maddy" failures="0" tests="0" time="0.009" errors="0" timestamp="2023-10-02T12:00:54 IST">
  <testcase classname="xemo.Tests.errorvalidations" name="errorcatching" time="0.0">
    <ignored/>
  </testcase> <!-- errorcatching -->
  <testcase classname="xemo.Tests.errorvalidations" name="errorcatch" time="0.0">
    <ignored/>
  </testcase> <!-- errorcatch -->
</testsuite>
